
*** Running vivado
    with args -log alchitry_top.vds -m64 -product Vivado -mode batch -messageDb vivado.pb -notrace -source alchitry_top.tcl


ECHO is off.
ECHO is off.

****** Vivado v2023.2 (64-bit)
  **** SW Build 4029153 on Fri Oct 13 20:14:34 MDT 2023
  **** IP Build 4028589 on Sat Oct 14 00:45:43 MDT 2023
  **** SharedData Build 4025554 on Tue Oct 10 17:18:54 MDT 2023
    ** Copyright 1986-2022 Xilinx, Inc. All Rights Reserved.
    ** Copyright 2022-2023 Advanced Micro Devices, Inc. All Rights Reserved.

source alchitry_top.tcl -notrace
Command: synth_design -top alchitry_top -part xc7a35tftg256-1
Starting synth_design
Attempting to get a license for feature 'Synthesis' and/or device 'xc7a35t'
INFO: [Common 17-349] Got license for feature 'Synthesis' and/or device 'xc7a35t'
INFO: [Device 21-403] Loading part xc7a35tftg256-1
INFO: [Synth 8-7079] Multithreading enabled for synth_design using a maximum of 2 processes.
INFO: [Synth 8-7078] Launching helper process for spawning children vivado processes
INFO: [Synth 8-7075] Helper process launched with PID 18176
---------------------------------------------------------------------------------
Starting RTL Elaboration : Time (s): cpu = 00:00:04 ; elapsed = 00:00:04 . Memory (MB): peak = 1294.121 ; gain = 438.910
---------------------------------------------------------------------------------
INFO: [Synth 8-6157] synthesizing module 'alchitry_top' [C:/Users/strik/Documents/alchitry/maimai/build/vivado/maimai.srcs/sources_1/imports/source/alchitry_top.sv:7]
INFO: [Synth 8-6157] synthesizing module 'edge_detector' [C:/Users/strik/Documents/alchitry/maimai/build/vivado/maimai.srcs/sources_1/imports/source/edge_detector.sv:7]
	Parameter RISE bound to: 1'b1 
	Parameter FALL bound to: 1'b0 
INFO: [Synth 8-6155] done synthesizing module 'edge_detector' (0#1) [C:/Users/strik/Documents/alchitry/maimai/build/vivado/maimai.srcs/sources_1/imports/source/edge_detector.sv:7]
INFO: [Synth 8-6157] synthesizing module 'button_conditioner' [C:/Users/strik/Documents/alchitry/maimai/build/vivado/maimai.srcs/sources_1/imports/source/button_conditioner.sv:7]
	Parameter CLK_FREQ bound to: 24'b100110001001011010000000 
	Parameter MIN_DELAY bound to: 5'b10100 
	Parameter NUM_SYNC bound to: 2'b10 
INFO: [Synth 8-6157] synthesizing module 'pipeline' [C:/Users/strik/Documents/alchitry/maimai/build/vivado/maimai.srcs/sources_1/imports/source/pipeline.sv:7]
	Parameter DEPTH bound to: 2'b10 
INFO: [Synth 8-6155] done synthesizing module 'pipeline' (0#1) [C:/Users/strik/Documents/alchitry/maimai/build/vivado/maimai.srcs/sources_1/imports/source/pipeline.sv:7]
INFO: [Synth 8-6155] done synthesizing module 'button_conditioner' (0#1) [C:/Users/strik/Documents/alchitry/maimai/build/vivado/maimai.srcs/sources_1/imports/source/button_conditioner.sv:7]
INFO: [Synth 8-6157] synthesizing module 'alu' [C:/Users/strik/Documents/alchitry/maimai/build/vivado/maimai.srcs/sources_1/imports/source/alu.sv:7]
INFO: [Synth 8-6157] synthesizing module 'mux_4_32_bit' [C:/Users/strik/Documents/alchitry/maimai/build/vivado/maimai.srcs/sources_1/imports/source/mux_4_32_bit.sv:7]
INFO: [Synth 8-226] default block is never used [C:/Users/strik/Documents/alchitry/maimai/build/vivado/maimai.srcs/sources_1/imports/source/mux_4_32_bit.sv:15]
INFO: [Synth 8-6155] done synthesizing module 'mux_4_32_bit' (0#1) [C:/Users/strik/Documents/alchitry/maimai/build/vivado/maimai.srcs/sources_1/imports/source/mux_4_32_bit.sv:7]
INFO: [Synth 8-6157] synthesizing module 'mux_2' [C:/Users/strik/Documents/alchitry/maimai/build/vivado/maimai.srcs/sources_1/imports/source/mux_2.sv:7]
INFO: [Synth 8-226] default block is never used [C:/Users/strik/Documents/alchitry/maimai/build/vivado/maimai.srcs/sources_1/imports/source/mux_2.sv:15]
INFO: [Synth 8-6155] done synthesizing module 'mux_2' (0#1) [C:/Users/strik/Documents/alchitry/maimai/build/vivado/maimai.srcs/sources_1/imports/source/mux_2.sv:7]
INFO: [Synth 8-6157] synthesizing module 'compare_last_bit' [C:/Users/strik/Documents/alchitry/maimai/build/vivado/maimai.srcs/sources_1/imports/source/compare_last_bit.sv:7]
INFO: [Synth 8-226] default block is never used [C:/Users/strik/Documents/alchitry/maimai/build/vivado/maimai.srcs/sources_1/imports/source/compare_last_bit.sv:16]
INFO: [Synth 8-6155] done synthesizing module 'compare_last_bit' (0#1) [C:/Users/strik/Documents/alchitry/maimai/build/vivado/maimai.srcs/sources_1/imports/source/compare_last_bit.sv:7]
INFO: [Synth 8-6157] synthesizing module 'rca' [C:/Users/strik/Documents/alchitry/maimai/build/vivado/maimai.srcs/sources_1/imports/source/rca.sv:7]
	Parameter BITS bound to: 6'b100000 
INFO: [Synth 8-6157] synthesizing module 'fa' [C:/Users/strik/Documents/alchitry/maimai/build/vivado/maimai.srcs/sources_1/imports/source/fa.sv:7]
INFO: [Synth 8-6155] done synthesizing module 'fa' (0#1) [C:/Users/strik/Documents/alchitry/maimai/build/vivado/maimai.srcs/sources_1/imports/source/fa.sv:7]
INFO: [Synth 8-6155] done synthesizing module 'rca' (0#1) [C:/Users/strik/Documents/alchitry/maimai/build/vivado/maimai.srcs/sources_1/imports/source/rca.sv:7]
INFO: [Synth 8-6157] synthesizing module 'boolean' [C:/Users/strik/Documents/alchitry/maimai/build/vivado/maimai.srcs/sources_1/imports/source/boolean.sv:7]
INFO: [Synth 8-6157] synthesizing module 'mux_4' [C:/Users/strik/Documents/alchitry/maimai/build/vivado/maimai.srcs/sources_1/imports/source/mux_4.sv:7]
INFO: [Synth 8-226] default block is never used [C:/Users/strik/Documents/alchitry/maimai/build/vivado/maimai.srcs/sources_1/imports/source/mux_4.sv:15]
INFO: [Synth 8-6155] done synthesizing module 'mux_4' (0#1) [C:/Users/strik/Documents/alchitry/maimai/build/vivado/maimai.srcs/sources_1/imports/source/mux_4.sv:7]
INFO: [Synth 8-6155] done synthesizing module 'boolean' (0#1) [C:/Users/strik/Documents/alchitry/maimai/build/vivado/maimai.srcs/sources_1/imports/source/boolean.sv:7]
INFO: [Synth 8-6157] synthesizing module 'compare' [C:/Users/strik/Documents/alchitry/maimai/build/vivado/maimai.srcs/sources_1/imports/source/compare.sv:7]
INFO: [Synth 8-6155] done synthesizing module 'compare' (0#1) [C:/Users/strik/Documents/alchitry/maimai/build/vivado/maimai.srcs/sources_1/imports/source/compare.sv:7]
INFO: [Synth 8-6157] synthesizing module 'shifter' [C:/Users/strik/Documents/alchitry/maimai/build/vivado/maimai.srcs/sources_1/imports/source/shifter.sv:7]
INFO: [Synth 8-6157] synthesizing module 'left_shifter' [C:/Users/strik/Documents/alchitry/maimai/build/vivado/maimai.srcs/sources_1/imports/source/left_shifter.sv:7]
INFO: [Synth 8-6155] done synthesizing module 'left_shifter' (0#1) [C:/Users/strik/Documents/alchitry/maimai/build/vivado/maimai.srcs/sources_1/imports/source/left_shifter.sv:7]
INFO: [Synth 8-6157] synthesizing module 'right_shifter' [C:/Users/strik/Documents/alchitry/maimai/build/vivado/maimai.srcs/sources_1/imports/source/right_shifter.sv:7]
INFO: [Synth 8-6155] done synthesizing module 'right_shifter' (0#1) [C:/Users/strik/Documents/alchitry/maimai/build/vivado/maimai.srcs/sources_1/imports/source/right_shifter.sv:7]
INFO: [Synth 8-6157] synthesizing module 'arith_right_shifter' [C:/Users/strik/Documents/alchitry/maimai/build/vivado/maimai.srcs/sources_1/imports/source/arith_right_shifter.sv:7]
INFO: [Synth 8-6155] done synthesizing module 'arith_right_shifter' (0#1) [C:/Users/strik/Documents/alchitry/maimai/build/vivado/maimai.srcs/sources_1/imports/source/arith_right_shifter.sv:7]
INFO: [Synth 8-6155] done synthesizing module 'shifter' (0#1) [C:/Users/strik/Documents/alchitry/maimai/build/vivado/maimai.srcs/sources_1/imports/source/shifter.sv:7]
INFO: [Synth 8-6157] synthesizing module 'clamp' [C:/Users/strik/Documents/alchitry/maimai/build/vivado/maimai.srcs/sources_1/imports/source/clamp.sv:7]
INFO: [Synth 8-226] default block is never used [C:/Users/strik/Documents/alchitry/maimai/build/vivado/maimai.srcs/sources_1/imports/source/clamp.sv:13]
INFO: [Synth 8-6155] done synthesizing module 'clamp' (0#1) [C:/Users/strik/Documents/alchitry/maimai/build/vivado/maimai.srcs/sources_1/imports/source/clamp.sv:7]
INFO: [Synth 8-6155] done synthesizing module 'alu' (0#1) [C:/Users/strik/Documents/alchitry/maimai/build/vivado/maimai.srcs/sources_1/imports/source/alu.sv:7]
INFO: [Synth 8-6157] synthesizing module 'bin_to_dec' [C:/Users/strik/Documents/alchitry/maimai/build/vivado/maimai.srcs/sources_1/imports/source/bin_to_dec.sv:7]
	Parameter DIGITS bound to: 3'b100 
	Parameter LEADING_ZEROS bound to: 1'b0 
INFO: [Synth 8-6155] done synthesizing module 'bin_to_dec' (0#1) [C:/Users/strik/Documents/alchitry/maimai/build/vivado/maimai.srcs/sources_1/imports/source/bin_to_dec.sv:7]
INFO: [Synth 8-6157] synthesizing module 'regfile' [C:/Users/strik/Documents/alchitry/maimai/build/vivado/maimai.srcs/sources_1/imports/source/regfile.sv:7]
INFO: [Synth 8-226] default block is never used [C:/Users/strik/Documents/alchitry/maimai/build/vivado/maimai.srcs/sources_1/imports/source/regfile.sv:70]
INFO: [Synth 8-226] default block is never used [C:/Users/strik/Documents/alchitry/maimai/build/vivado/maimai.srcs/sources_1/imports/source/regfile.sv:100]
INFO: [Synth 8-6155] done synthesizing module 'regfile' (0#1) [C:/Users/strik/Documents/alchitry/maimai/build/vivado/maimai.srcs/sources_1/imports/source/regfile.sv:7]
INFO: [Synth 8-6157] synthesizing module 'mux_4_32_bit_1_sel' [C:/Users/strik/Documents/alchitry/maimai/build/vivado/maimai.srcs/sources_1/imports/source/mux_4_32_bit_1_sel.sv:7]
INFO: [Synth 8-226] default block is never used [C:/Users/strik/Documents/alchitry/maimai/build/vivado/maimai.srcs/sources_1/imports/source/mux_4_32_bit_1_sel.sv:14]
INFO: [Synth 8-6155] done synthesizing module 'mux_4_32_bit_1_sel' (0#1) [C:/Users/strik/Documents/alchitry/maimai/build/vivado/maimai.srcs/sources_1/imports/source/mux_4_32_bit_1_sel.sv:7]
INFO: [Synth 8-6157] synthesizing module 'reset_conditioner' [C:/Users/strik/Documents/alchitry/maimai/build/vivado/maimai.srcs/sources_1/imports/source/reset_conditioner.sv:7]
	Parameter STAGES bound to: 3'b100 
INFO: [Synth 8-6155] done synthesizing module 'reset_conditioner' (0#1) [C:/Users/strik/Documents/alchitry/maimai/build/vivado/maimai.srcs/sources_1/imports/source/reset_conditioner.sv:7]
INFO: [Synth 8-6157] synthesizing module 'multi_seven_seg' [C:/Users/strik/Documents/alchitry/maimai/build/vivado/maimai.srcs/sources_1/imports/source/multi_seven_seg.sv:7]
	Parameter DIGITS bound to: 3'b100 
	Parameter DIV bound to: 5'b10000 
INFO: [Synth 8-6157] synthesizing module 'counter' [C:/Users/strik/Documents/alchitry/maimai/build/vivado/maimai.srcs/sources_1/imports/source/counter.sv:7]
	Parameter SIZE bound to: 2 - type: integer 
	Parameter DIV bound to: 5'b10000 
	Parameter TOP bound to: 3'b011 
	Parameter UP bound to: 1'b1 
INFO: [Synth 8-6155] done synthesizing module 'counter' (0#1) [C:/Users/strik/Documents/alchitry/maimai/build/vivado/maimai.srcs/sources_1/imports/source/counter.sv:7]
INFO: [Synth 8-6157] synthesizing module 'seven_seg' [C:/Users/strik/Documents/alchitry/maimai/build/vivado/maimai.srcs/sources_1/imports/source/seven_seg.sv:7]
INFO: [Synth 8-6155] done synthesizing module 'seven_seg' (0#1) [C:/Users/strik/Documents/alchitry/maimai/build/vivado/maimai.srcs/sources_1/imports/source/seven_seg.sv:7]
INFO: [Synth 8-6157] synthesizing module 'decoder' [C:/Users/strik/Documents/alchitry/maimai/build/vivado/maimai.srcs/sources_1/imports/source/decoder.sv:7]
	Parameter WIDTH bound to: 2 - type: integer 
INFO: [Synth 8-6155] done synthesizing module 'decoder' (0#1) [C:/Users/strik/Documents/alchitry/maimai/build/vivado/maimai.srcs/sources_1/imports/source/decoder.sv:7]
INFO: [Synth 8-6155] done synthesizing module 'multi_seven_seg' (0#1) [C:/Users/strik/Documents/alchitry/maimai/build/vivado/maimai.srcs/sources_1/imports/source/multi_seven_seg.sv:7]
INFO: [Synth 8-6157] synthesizing module 'led_driver' [C:/Users/strik/Documents/alchitry/maimai/build/vivado/maimai.srcs/sources_1/imports/source/led_driver.sv:7]
	Parameter COLUMN_DIMENSION bound to: 16'b0000000000010000 
	Parameter ROW_DIMENSION bound to: 16'b0000000000000001 
	Parameter PIXEL_COUNT bound to: 16'b0000000000001000 
	Parameter BUFFER_SIZE bound to: 11'b10000000000 
INFO: [Synth 8-6157] synthesizing module 'ws2812b_driver' [C:/Users/strik/Documents/alchitry/maimai/build/vivado/maimai.srcs/sources_1/imports/source/ws2812b_driver.sv:7]
	Parameter PIXEL_COUNT bound to: 16'b0000000000001000 
INFO: [Synth 8-155] case statement is not full and has no default [C:/Users/strik/Documents/alchitry/maimai/build/vivado/maimai.srcs/sources_1/imports/source/ws2812b_driver.sv:59]
INFO: [Synth 8-6155] done synthesizing module 'ws2812b_driver' (0#1) [C:/Users/strik/Documents/alchitry/maimai/build/vivado/maimai.srcs/sources_1/imports/source/ws2812b_driver.sv:7]
INFO: [Synth 8-6155] done synthesizing module 'led_driver' (0#1) [C:/Users/strik/Documents/alchitry/maimai/build/vivado/maimai.srcs/sources_1/imports/source/led_driver.sv:7]
INFO: [Synth 8-6157] synthesizing module 'counter__parameterized0' [C:/Users/strik/Documents/alchitry/maimai/build/vivado/maimai.srcs/sources_1/imports/source/counter.sv:7]
	Parameter SIZE bound to: 1'b1 
	Parameter DIV bound to: 5'b11000 
	Parameter TOP bound to: 1'b0 
	Parameter UP bound to: 1'b1 
INFO: [Synth 8-6155] done synthesizing module 'counter__parameterized0' (0#1) [C:/Users/strik/Documents/alchitry/maimai/build/vivado/maimai.srcs/sources_1/imports/source/counter.sv:7]
INFO: [Synth 8-6157] synthesizing module 'datapath' [C:/Users/strik/Documents/alchitry/maimai/build/vivado/maimai.srcs/sources_1/imports/source/datapath.sv:7]
INFO: [Synth 8-155] case statement is not full and has no default [C:/Users/strik/Documents/alchitry/maimai/build/vivado/maimai.srcs/sources_1/imports/source/datapath.sv:59]
INFO: [Synth 8-6155] done synthesizing module 'datapath' (0#1) [C:/Users/strik/Documents/alchitry/maimai/build/vivado/maimai.srcs/sources_1/imports/source/datapath.sv:7]
INFO: [Synth 8-6155] done synthesizing module 'alchitry_top' (0#1) [C:/Users/strik/Documents/alchitry/maimai/build/vivado/maimai.srcs/sources_1/imports/source/alchitry_top.sv:7]
WARNING: [Synth 8-6014] Unused sequential element D_reset_q_reg was removed.  [C:/Users/strik/Documents/alchitry/maimai/build/vivado/maimai.srcs/sources_1/imports/source/alchitry_top.sv:382]
WARNING: [Synth 8-3917] design alchitry_top has port led[7] driven by constant 0
WARNING: [Synth 8-3917] design alchitry_top has port led[6] driven by constant 0
WARNING: [Synth 8-3917] design alchitry_top has port led[5] driven by constant 0
WARNING: [Synth 8-3917] design alchitry_top has port led[4] driven by constant 0
WARNING: [Synth 8-3917] design alchitry_top has port led[3] driven by constant 0
WARNING: [Synth 8-3917] design alchitry_top has port led[2] driven by constant 0
WARNING: [Synth 8-3917] design alchitry_top has port led[1] driven by constant 0
WARNING: [Synth 8-3917] design alchitry_top has port led[0] driven by constant 0
WARNING: [Synth 8-7129] Port io_button_edge[2] in module datapath is either unconnected or has no load
WARNING: [Synth 8-7129] Port alu_out[31] in module datapath is either unconnected or has no load
WARNING: [Synth 8-7129] Port alu_out[30] in module datapath is either unconnected or has no load
WARNING: [Synth 8-7129] Port alu_out[29] in module datapath is either unconnected or has no load
WARNING: [Synth 8-7129] Port alu_out[28] in module datapath is either unconnected or has no load
WARNING: [Synth 8-7129] Port alu_out[27] in module datapath is either unconnected or has no load
WARNING: [Synth 8-7129] Port alu_out[26] in module datapath is either unconnected or has no load
WARNING: [Synth 8-7129] Port alu_out[25] in module datapath is either unconnected or has no load
WARNING: [Synth 8-7129] Port alu_out[24] in module datapath is either unconnected or has no load
WARNING: [Synth 8-7129] Port alu_out[23] in module datapath is either unconnected or has no load
WARNING: [Synth 8-7129] Port alu_out[22] in module datapath is either unconnected or has no load
WARNING: [Synth 8-7129] Port alu_out[21] in module datapath is either unconnected or has no load
WARNING: [Synth 8-7129] Port alu_out[20] in module datapath is either unconnected or has no load
WARNING: [Synth 8-7129] Port alu_out[19] in module datapath is either unconnected or has no load
WARNING: [Synth 8-7129] Port alu_out[18] in module datapath is either unconnected or has no load
WARNING: [Synth 8-7129] Port alu_out[17] in module datapath is either unconnected or has no load
WARNING: [Synth 8-7129] Port alu_out[16] in module datapath is either unconnected or has no load
WARNING: [Synth 8-7129] Port alu_out[15] in module datapath is either unconnected or has no load
WARNING: [Synth 8-7129] Port alu_out[14] in module datapath is either unconnected or has no load
WARNING: [Synth 8-7129] Port alu_out[13] in module datapath is either unconnected or has no load
WARNING: [Synth 8-7129] Port alu_out[12] in module datapath is either unconnected or has no load
WARNING: [Synth 8-7129] Port alu_out[11] in module datapath is either unconnected or has no load
WARNING: [Synth 8-7129] Port alu_out[10] in module datapath is either unconnected or has no load
WARNING: [Synth 8-7129] Port alu_out[9] in module datapath is either unconnected or has no load
WARNING: [Synth 8-7129] Port alu_out[8] in module datapath is either unconnected or has no load
WARNING: [Synth 8-7129] Port alu_out[7] in module datapath is either unconnected or has no load
WARNING: [Synth 8-7129] Port alu_out[6] in module datapath is either unconnected or has no load
WARNING: [Synth 8-7129] Port alu_out[5] in module datapath is either unconnected or has no load
WARNING: [Synth 8-7129] Port alu_out[4] in module datapath is either unconnected or has no load
WARNING: [Synth 8-7129] Port alu_out[3] in module datapath is either unconnected or has no load
WARNING: [Synth 8-7129] Port alu_out[2] in module datapath is either unconnected or has no load
WARNING: [Synth 8-7129] Port alu_out[1] in module datapath is either unconnected or has no load
WARNING: [Synth 8-7129] Port led1[31] in module led_driver is either unconnected or has no load
WARNING: [Synth 8-7129] Port led1[30] in module led_driver is either unconnected or has no load
WARNING: [Synth 8-7129] Port led1[29] in module led_driver is either unconnected or has no load
WARNING: [Synth 8-7129] Port led1[28] in module led_driver is either unconnected or has no load
WARNING: [Synth 8-7129] Port led1[27] in module led_driver is either unconnected or has no load
WARNING: [Synth 8-7129] Port led1[26] in module led_driver is either unconnected or has no load
WARNING: [Synth 8-7129] Port led1[25] in module led_driver is either unconnected or has no load
WARNING: [Synth 8-7129] Port led1[24] in module led_driver is either unconnected or has no load
WARNING: [Synth 8-7129] Port led1[23] in module led_driver is either unconnected or has no load
WARNING: [Synth 8-7129] Port led1[22] in module led_driver is either unconnected or has no load
WARNING: [Synth 8-7129] Port led1[21] in module led_driver is either unconnected or has no load
WARNING: [Synth 8-7129] Port led1[20] in module led_driver is either unconnected or has no load
WARNING: [Synth 8-7129] Port led1[19] in module led_driver is either unconnected or has no load
WARNING: [Synth 8-7129] Port led1[18] in module led_driver is either unconnected or has no load
WARNING: [Synth 8-7129] Port led1[17] in module led_driver is either unconnected or has no load
WARNING: [Synth 8-7129] Port led1[16] in module led_driver is either unconnected or has no load
WARNING: [Synth 8-7129] Port led1[15] in module led_driver is either unconnected or has no load
WARNING: [Synth 8-7129] Port led1[14] in module led_driver is either unconnected or has no load
WARNING: [Synth 8-7129] Port led1[13] in module led_driver is either unconnected or has no load
WARNING: [Synth 8-7129] Port led1[12] in module led_driver is either unconnected or has no load
WARNING: [Synth 8-7129] Port led1[11] in module led_driver is either unconnected or has no load
WARNING: [Synth 8-7129] Port led1[10] in module led_driver is either unconnected or has no load
WARNING: [Synth 8-7129] Port led1[9] in module led_driver is either unconnected or has no load
WARNING: [Synth 8-7129] Port led1[8] in module led_driver is either unconnected or has no load
WARNING: [Synth 8-7129] Port led2[31] in module led_driver is either unconnected or has no load
WARNING: [Synth 8-7129] Port led2[30] in module led_driver is either unconnected or has no load
WARNING: [Synth 8-7129] Port led2[29] in module led_driver is either unconnected or has no load
WARNING: [Synth 8-7129] Port led2[28] in module led_driver is either unconnected or has no load
WARNING: [Synth 8-7129] Port led2[27] in module led_driver is either unconnected or has no load
WARNING: [Synth 8-7129] Port led2[26] in module led_driver is either unconnected or has no load
WARNING: [Synth 8-7129] Port led2[25] in module led_driver is either unconnected or has no load
WARNING: [Synth 8-7129] Port led2[24] in module led_driver is either unconnected or has no load
WARNING: [Synth 8-7129] Port led2[23] in module led_driver is either unconnected or has no load
WARNING: [Synth 8-7129] Port led2[22] in module led_driver is either unconnected or has no load
WARNING: [Synth 8-7129] Port led2[21] in module led_driver is either unconnected or has no load
WARNING: [Synth 8-7129] Port led2[20] in module led_driver is either unconnected or has no load
WARNING: [Synth 8-7129] Port led2[19] in module led_driver is either unconnected or has no load
WARNING: [Synth 8-7129] Port led2[18] in module led_driver is either unconnected or has no load
WARNING: [Synth 8-7129] Port led2[17] in module led_driver is either unconnected or has no load
WARNING: [Synth 8-7129] Port led2[16] in module led_driver is either unconnected or has no load
WARNING: [Synth 8-7129] Port led2[15] in module led_driver is either unconnected or has no load
WARNING: [Synth 8-7129] Port led2[14] in module led_driver is either unconnected or has no load
WARNING: [Synth 8-7129] Port led2[13] in module led_driver is either unconnected or has no load
WARNING: [Synth 8-7129] Port led2[12] in module led_driver is either unconnected or has no load
WARNING: [Synth 8-7129] Port led2[11] in module led_driver is either unconnected or has no load
WARNING: [Synth 8-7129] Port led2[10] in module led_driver is either unconnected or has no load
WARNING: [Synth 8-7129] Port led2[9] in module led_driver is either unconnected or has no load
WARNING: [Synth 8-7129] Port led2[8] in module led_driver is either unconnected or has no load
WARNING: [Synth 8-7129] Port led3[31] in module led_driver is either unconnected or has no load
WARNING: [Synth 8-7129] Port led3[30] in module led_driver is either unconnected or has no load
WARNING: [Synth 8-7129] Port led3[29] in module led_driver is either unconnected or has no load
WARNING: [Synth 8-7129] Port led3[28] in module led_driver is either unconnected or has no load
WARNING: [Synth 8-7129] Port led3[27] in module led_driver is either unconnected or has no load
WARNING: [Synth 8-7129] Port led3[26] in module led_driver is either unconnected or has no load
WARNING: [Synth 8-7129] Port led3[25] in module led_driver is either unconnected or has no load
WARNING: [Synth 8-7129] Port led3[24] in module led_driver is either unconnected or has no load
WARNING: [Synth 8-7129] Port led3[23] in module led_driver is either unconnected or has no load
WARNING: [Synth 8-7129] Port led3[22] in module led_driver is either unconnected or has no load
WARNING: [Synth 8-7129] Port led3[21] in module led_driver is either unconnected or has no load
WARNING: [Synth 8-7129] Port led3[20] in module led_driver is either unconnected or has no load
WARNING: [Synth 8-7129] Port led3[19] in module led_driver is either unconnected or has no load
WARNING: [Synth 8-7129] Port led3[18] in module led_driver is either unconnected or has no load
WARNING: [Synth 8-7129] Port led3[17] in module led_driver is either unconnected or has no load
WARNING: [Synth 8-7129] Port led3[16] in module led_driver is either unconnected or has no load
WARNING: [Synth 8-7129] Port led3[15] in module led_driver is either unconnected or has no load
WARNING: [Synth 8-7129] Port led3[14] in module led_driver is either unconnected or has no load
WARNING: [Synth 8-7129] Port led3[13] in module led_driver is either unconnected or has no load
WARNING: [Synth 8-7129] Port led3[12] in module led_driver is either unconnected or has no load
INFO: [Common 17-14] Message 'Synth 8-7129' appears 100 times and further instances of the messages will be disabled. Use the Tcl command set_msg_config to change the current settings.
---------------------------------------------------------------------------------
Finished RTL Elaboration : Time (s): cpu = 00:00:06 ; elapsed = 00:00:06 . Memory (MB): peak = 1412.863 ; gain = 557.652
---------------------------------------------------------------------------------
---------------------------------------------------------------------------------
Start Handling Custom Attributes
---------------------------------------------------------------------------------
---------------------------------------------------------------------------------
Finished Handling Custom Attributes : Time (s): cpu = 00:00:06 ; elapsed = 00:00:06 . Memory (MB): peak = 1412.863 ; gain = 557.652
---------------------------------------------------------------------------------
---------------------------------------------------------------------------------
Finished RTL Optimization Phase 1 : Time (s): cpu = 00:00:06 ; elapsed = 00:00:06 . Memory (MB): peak = 1412.863 ; gain = 557.652
---------------------------------------------------------------------------------
Netlist sorting complete. Time (s): cpu = 00:00:00 ; elapsed = 00:00:00.043 . Memory (MB): peak = 1412.863 ; gain = 0.000
INFO: [Project 1-570] Preparing netlist for logic optimization

Processing XDC Constraints
Initializing timing engine
Parsing XDC File [C:/Users/strik/Documents/alchitry/maimai/build/constraint/alchitry.xdc]
Finished Parsing XDC File [C:/Users/strik/Documents/alchitry/maimai/build/constraint/alchitry.xdc]
INFO: [Project 1-236] Implementation specific constraints were found while reading constraint file [C:/Users/strik/Documents/alchitry/maimai/build/constraint/alchitry.xdc]. These constraints will be ignored for synthesis but will be used in implementation. Impacted constraints are listed in the file [.Xil/alchitry_top_propImpl.xdc].
Resolution: To avoid this warning, move constraints listed in [.Xil/alchitry_top_propImpl.xdc] to another XDC file and exclude this new file from synthesis with the used_in_synthesis property (File Properties dialog in GUI) and re-run elaboration/synthesis.
Parsing XDC File [C:/Users/strik/Documents/alchitry/maimai/build/constraint/au_props.xdc]
Finished Parsing XDC File [C:/Users/strik/Documents/alchitry/maimai/build/constraint/au_props.xdc]
Completed Processing XDC Constraints

Netlist sorting complete. Time (s): cpu = 00:00:00 ; elapsed = 00:00:00.001 . Memory (MB): peak = 1448.922 ; gain = 0.000
INFO: [Project 1-111] Unisim Transformation Summary:
No Unisim elements were transformed.

The system cannot find the path specified.
Constraint Validation Runtime : Time (s): cpu = 00:00:00 ; elapsed = 00:00:00.015 . Memory (MB): peak = 1448.922 ; gain = 0.000
---------------------------------------------------------------------------------
Finished Constraint Validation : Time (s): cpu = 00:00:12 ; elapsed = 00:00:12 . Memory (MB): peak = 1448.922 ; gain = 593.711
---------------------------------------------------------------------------------
---------------------------------------------------------------------------------
Start Loading Part and Timing Information
---------------------------------------------------------------------------------
Loading part: xc7a35tftg256-1
---------------------------------------------------------------------------------
Finished Loading Part and Timing Information : Time (s): cpu = 00:00:12 ; elapsed = 00:00:12 . Memory (MB): peak = 1448.922 ; gain = 593.711
---------------------------------------------------------------------------------
---------------------------------------------------------------------------------
Start Applying 'set_property' XDC Constraints
---------------------------------------------------------------------------------
---------------------------------------------------------------------------------
Finished applying 'set_property' XDC Constraints : Time (s): cpu = 00:00:12 ; elapsed = 00:00:12 . Memory (MB): peak = 1448.922 ; gain = 593.711
---------------------------------------------------------------------------------
INFO: [Synth 8-802] inferred FSM for state register 'D_state_q_reg' in module 'ws2812b_driver'
INFO: [Synth 8-802] inferred FSM for state register 'D_state_q_reg' in module 'datapath'
---------------------------------------------------------------------------------------------------
                   State |                     New Encoding |                Previous Encoding 
---------------------------------------------------------------------------------------------------
                  iSTATE |                               00 |                               01
                 iSTATE1 |                               01 |                               10
                 iSTATE0 |                               10 |                               00
---------------------------------------------------------------------------------------------------
INFO: [Synth 8-3354] encoded FSM with state register 'D_state_q_reg' using encoding 'sequential' in module 'ws2812b_driver'
---------------------------------------------------------------------------------------------------
                   State |                     New Encoding |                Previous Encoding 
---------------------------------------------------------------------------------------------------
                iSTATE10 |                            00000 |                            00000
                 iSTATE8 |                            00001 |                            00001
                iSTATE16 |                            00010 |                            01001
                iSTATE17 |                            00011 |                            01000
                iSTATE12 |                            00100 |                            00111
                iSTATE11 |                            00101 |                            01010
                 iSTATE9 |                            00110 |                            01011
                 iSTATE1 |                            00111 |                            01100
                 iSTATE0 |                            01000 |                            01101
                  iSTATE |                            01001 |                            01110
                iSTATE19 |                            01010 |                            01111
                 iSTATE6 |                            01011 |                            00010
                 iSTATE4 |                            01100 |                            00011
                iSTATE20 |                            01101 |                            00100
                iSTATE18 |                            01110 |                            00101
                iSTATE14 |                            01111 |                            00110
                 iSTATE7 |                            10000 |                            10000
                 iSTATE5 |                            10001 |                            10001
                 iSTATE3 |                            10010 |                            10010
                 iSTATE2 |                            10011 |                            10011
                iSTATE15 |                            10100 |                            10100
                iSTATE13 |                            10101 |                            10101
---------------------------------------------------------------------------------------------------
INFO: [Synth 8-3354] encoded FSM with state register 'D_state_q_reg' using encoding 'sequential' in module 'datapath'
---------------------------------------------------------------------------------
Finished RTL Optimization Phase 2 : Time (s): cpu = 00:00:13 ; elapsed = 00:00:13 . Memory (MB): peak = 1448.922 ; gain = 593.711
---------------------------------------------------------------------------------
---------------------------------------------------------------------------------
Start RTL Component Statistics 
---------------------------------------------------------------------------------
Detailed RTL Component Info : 
+---Adders : 
	   3 Input   14 Bit       Adders := 3     
	   2 Input    7 Bit       Adders := 3     
	   2 Input    5 Bit       Adders := 3     
	   2 Input    3 Bit       Adders := 3     
+---XORs : 
	   2 Input     32 Bit         XORs := 1     
	   3 Input      1 Bit         XORs := 32    
	   2 Input      1 Bit         XORs := 1     
+---Registers : 
	             1024 Bit    Registers := 1     
	               32 Bit    Registers := 8     
	                7 Bit    Registers := 3     
	                5 Bit    Registers := 3     
	                4 Bit    Registers := 1     
	                3 Bit    Registers := 3     
	                2 Bit    Registers := 5     
	                1 Bit    Registers := 12    
+---Muxes : 
	   4 Input   32 Bit        Muxes := 3     
	   2 Input   32 Bit        Muxes := 20    
	  10 Input   14 Bit        Muxes := 1     
	   2 Input   14 Bit        Muxes := 3     
	  10 Input   10 Bit        Muxes := 1     
	  10 Input    7 Bit        Muxes := 1     
	  22 Input    6 Bit        Muxes := 1     
	   2 Input    5 Bit        Muxes := 3     
	  33 Input    5 Bit        Muxes := 1     
	  11 Input    4 Bit        Muxes := 1     
	   2 Input    4 Bit        Muxes := 2     
	  12 Input    4 Bit        Muxes := 1     
	   4 Input    4 Bit        Muxes := 1     
	   3 Input    3 Bit        Muxes := 3     
	  22 Input    3 Bit        Muxes := 3     
	   3 Input    2 Bit        Muxes := 3     
	   2 Input    2 Bit        Muxes := 3     
	   4 Input    1 Bit        Muxes := 33    
	   8 Input    1 Bit        Muxes := 8     
	   2 Input    1 Bit        Muxes := 52    
	   3 Input    1 Bit        Muxes := 36    
	   5 Input    1 Bit        Muxes := 1     
	  22 Input    1 Bit        Muxes := 4     
---------------------------------------------------------------------------------
Finished RTL Component Statistics 
---------------------------------------------------------------------------------
---------------------------------------------------------------------------------
Start Part Resource Summary
---------------------------------------------------------------------------------
Part Resources:
DSPs: 90 (col length:60)
BRAMs: 100 (col length: RAMB18 60 RAMB36 30)
---------------------------------------------------------------------------------
Finished Part Resource Summary
---------------------------------------------------------------------------------
---------------------------------------------------------------------------------
Start Cross Boundary and Area Optimization
---------------------------------------------------------------------------------
WARNING: [Synth 8-7080] Parallel synthesis criteria is not met
WARNING: [Synth 8-3917] design alchitry_top has port led[7] driven by constant 0
WARNING: [Synth 8-3917] design alchitry_top has port led[6] driven by constant 0
WARNING: [Synth 8-3917] design alchitry_top has port led[5] driven by constant 0
WARNING: [Synth 8-3917] design alchitry_top has port led[4] driven by constant 0
WARNING: [Synth 8-3917] design alchitry_top has port led[3] driven by constant 0
WARNING: [Synth 8-3917] design alchitry_top has port led[2] driven by constant 0
WARNING: [Synth 8-3917] design alchitry_top has port led[1] driven by constant 0
WARNING: [Synth 8-3917] design alchitry_top has port led[0] driven by constant 0
WARNING: [Synth 8-3917] design alchitry_top has port io_segment[7] driven by constant 1
---------------------------------------------------------------------------------
Finished Cross Boundary and Area Optimization : Time (s): cpu = 00:00:32 ; elapsed = 00:00:33 . Memory (MB): peak = 1485.805 ; gain = 630.594
---------------------------------------------------------------------------------
---------------------------------------------------------------------------------
Start Applying XDC Timing Constraints
---------------------------------------------------------------------------------
---------------------------------------------------------------------------------
Finished Applying XDC Timing Constraints : Time (s): cpu = 00:00:35 ; elapsed = 00:00:36 . Memory (MB): peak = 1485.805 ; gain = 630.594
---------------------------------------------------------------------------------
---------------------------------------------------------------------------------
Start Timing Optimization
---------------------------------------------------------------------------------
---------------------------------------------------------------------------------
Finished Timing Optimization : Time (s): cpu = 00:00:44 ; elapsed = 00:00:45 . Memory (MB): peak = 1601.344 ; gain = 746.133
---------------------------------------------------------------------------------
---------------------------------------------------------------------------------
Start Technology Mapping
---------------------------------------------------------------------------------
---------------------------------------------------------------------------------
Finished Technology Mapping : Time (s): cpu = 00:00:45 ; elapsed = 00:00:45 . Memory (MB): peak = 1601.344 ; gain = 746.133
---------------------------------------------------------------------------------
---------------------------------------------------------------------------------
Start IO Insertion
---------------------------------------------------------------------------------
---------------------------------------------------------------------------------
Start Flattening Before IO Insertion
---------------------------------------------------------------------------------
---------------------------------------------------------------------------------
Finished Flattening Before IO Insertion
---------------------------------------------------------------------------------
---------------------------------------------------------------------------------
Start Final Netlist Cleanup
---------------------------------------------------------------------------------
---------------------------------------------------------------------------------
Finished Final Netlist Cleanup
---------------------------------------------------------------------------------
---------------------------------------------------------------------------------
Finished IO Insertion : Time (s): cpu = 00:00:48 ; elapsed = 00:00:49 . Memory (MB): peak = 1602.215 ; gain = 747.004
---------------------------------------------------------------------------------
---------------------------------------------------------------------------------
Start Renaming Generated Instances
---------------------------------------------------------------------------------
---------------------------------------------------------------------------------
Finished Renaming Generated Instances : Time (s): cpu = 00:00:48 ; elapsed = 00:00:49 . Memory (MB): peak = 1602.215 ; gain = 747.004
---------------------------------------------------------------------------------
---------------------------------------------------------------------------------
Start Rebuilding User Hierarchy
---------------------------------------------------------------------------------
---------------------------------------------------------------------------------
Finished Rebuilding User Hierarchy : Time (s): cpu = 00:00:48 ; elapsed = 00:00:49 . Memory (MB): peak = 1602.215 ; gain = 747.004
---------------------------------------------------------------------------------
---------------------------------------------------------------------------------
Start Renaming Generated Ports
---------------------------------------------------------------------------------
---------------------------------------------------------------------------------
Finished Renaming Generated Ports : Time (s): cpu = 00:00:48 ; elapsed = 00:00:49 . Memory (MB): peak = 1602.215 ; gain = 747.004
---------------------------------------------------------------------------------
---------------------------------------------------------------------------------
Start Handling Custom Attributes
---------------------------------------------------------------------------------
---------------------------------------------------------------------------------
Finished Handling Custom Attributes : Time (s): cpu = 00:00:48 ; elapsed = 00:00:49 . Memory (MB): peak = 1602.215 ; gain = 747.004
---------------------------------------------------------------------------------
---------------------------------------------------------------------------------
Start Renaming Generated Nets
---------------------------------------------------------------------------------
---------------------------------------------------------------------------------
Finished Renaming Generated Nets : Time (s): cpu = 00:00:48 ; elapsed = 00:00:49 . Memory (MB): peak = 1602.215 ; gain = 747.004
---------------------------------------------------------------------------------
---------------------------------------------------------------------------------
Start Writing Synthesis Report
---------------------------------------------------------------------------------

Report BlackBoxes: 
+-+--------------+----------+
| |BlackBox name |Instances |
+-+--------------+----------+
+-+--------------+----------+

Report Cell Usage: 
+------+-------+------+
|      |Cell   |Count |
+------+-------+------+
|1     |BUFG   |     1|
|2     |CARRY4 |    50|
|3     |LUT1   |    20|
|4     |LUT2   |   129|
|5     |LUT3   |    79|
|6     |LUT4   |   136|
|7     |LUT5   |   163|
|8     |LUT6   |   393|
|9     |MUXF7  |     1|
|10    |FDPE   |     4|
|11    |FDRE   |   338|
|12    |FDSE   |    35|
|13    |IBUF   |     7|
|14    |OBUF   |    48|
+------+-------+------+
---------------------------------------------------------------------------------
Finished Writing Synthesis Report : Time (s): cpu = 00:00:48 ; elapsed = 00:00:49 . Memory (MB): peak = 1602.215 ; gain = 747.004
---------------------------------------------------------------------------------
Synthesis finished with 0 errors, 0 critical warnings and 137 warnings.
Synthesis Optimization Runtime : Time (s): cpu = 00:00:40 ; elapsed = 00:00:47 . Memory (MB): peak = 1602.215 ; gain = 710.945
Synthesis Optimization Complete : Time (s): cpu = 00:00:48 ; elapsed = 00:00:49 . Memory (MB): peak = 1602.215 ; gain = 747.004
INFO: [Project 1-571] Translating synthesized netlist
Netlist sorting complete. Time (s): cpu = 00:00:00 ; elapsed = 00:00:00.009 . Memory (MB): peak = 1614.531 ; gain = 0.000
INFO: [Netlist 29-17] Analyzing 51 Unisim elements for replacement
INFO: [Netlist 29-28] Unisim Transformation completed in 0 CPU seconds
INFO: [Project 1-570] Preparing netlist for logic optimization
INFO: [Opt 31-138] Pushed 0 inverter(s) to 0 load pin(s).
Netlist sorting complete. Time (s): cpu = 00:00:00 ; elapsed = 00:00:00 . Memory (MB): peak = 1618.148 ; gain = 0.000
INFO: [Project 1-111] Unisim Transformation Summary:
No Unisim elements were transformed.

The system cannot find the path specified.
Synth Design complete | Checksum: 72f96b2d
INFO: [Common 17-83] Releasing license: Synthesis
90 Infos, 119 Warnings, 0 Critical Warnings and 0 Errors encountered.
synth_design completed successfully
synth_design: Time (s): cpu = 00:00:51 ; elapsed = 00:00:53 . Memory (MB): peak = 1618.148 ; gain = 1153.773
Write ShapeDB Complete: Time (s): cpu = 00:00:00 ; elapsed = 00:00:00.003 . Memory (MB): peak = 1618.148 ; gain = 0.000
INFO: [Common 17-1381] The checkpoint 'C:/Users/strik/Documents/alchitry/maimai/build/vivado/maimai.runs/synth_1/alchitry_top.dcp' has been generated.
INFO: [runtcl-4] Executing : report_utilization -file alchitry_top_utilization_synth.rpt -pb alchitry_top_utilization_synth.pb
INFO: [Common 17-206] Exiting Vivado at Wed Apr 16 01:13:55 2025...
